0 info it worked if it ends with ok
1 verbose cli [ 'node',
1 verbose cli   '/usr/local/bin/npm',
1 verbose cli   'install',
1 verbose cli   '-g',
1 verbose cli   'express',
1 verbose cli   '--save' ]
2 info using npm@2.7.4
3 info using node@v0.12.2
4 silly cache add args [ 'express', null ]
5 verbose cache add spec express
6 silly cache add parsed spec { raw: 'express',
6 silly cache add   scope: null,
6 silly cache add   name: 'express',
6 silly cache add   rawSpec: '',
6 silly cache add   spec: '*',
6 silly cache add   type: 'range' }
7 verbose addNamed express@*
8 silly addNamed semver.valid null
9 silly addNamed semver.validRange *
10 silly addNameRange { name: 'express', range: '*', hasData: false }
11 silly mapToRegistry name express
12 silly mapToRegistry using default registry
13 silly mapToRegistry registry https://registry.npmjs.org/
14 silly mapToRegistry uri https://registry.npmjs.org/express
15 verbose addNameRange registry:https://registry.npmjs.org/express not in flight; fetching
16 verbose request uri https://registry.npmjs.org/express
17 verbose request no auth needed
18 info attempt registry request try #1 at 11:35:05 PM
19 verbose request id 020c27dd811a8bf1
20 verbose etag "TVWN9X5L8Z3AOJGGMD4A1N0"
21 http request GET https://registry.npmjs.org/express
22 http 304 https://registry.npmjs.org/express
23 silly get cb [ 304,
23 silly get   { date: 'Mon, 04 May 2015 06:35:06 GMT',
23 silly get     via: '1.1 varnish',
23 silly get     'last-modified': 'Mon, 04 May 2015 06:35:06 GMT',
23 silly get     'cache-control': 'max-age=60',
23 silly get     etag: '"TVWN9X5L8Z3AOJGGMD4A1N0"',
23 silly get     age: '18',
23 silly get     connection: 'keep-alive',
23 silly get     'x-served-by': 'cache-lax1432-LAX',
23 silly get     'x-cache': 'HIT',
23 silly get     'x-cache-hits': '1',
23 silly get     'x-timer': 'S1430721306.183612,VS0,VE3',
23 silly get     vary: 'Accept' } ]
24 verbose etag https://registry.npmjs.org/express from cache
25 verbose get saving express to /Users/henrygoddard/.npm/registry.npmjs.org/express/.cache.json
26 silly addNameRange number 2 { name: 'express', range: '*', hasData: true }
27 silly addNameRange versions [ 'express',
27 silly addNameRange   [ '0.14.0',
27 silly addNameRange     '0.14.1',
27 silly addNameRange     '1.0.0',
27 silly addNameRange     '1.0.1',
27 silly addNameRange     '1.0.2',
27 silly addNameRange     '1.0.3',
27 silly addNameRange     '1.0.4',
27 silly addNameRange     '1.0.5',
27 silly addNameRange     '1.0.6',
27 silly addNameRange     '1.0.7',
27 silly addNameRange     '1.0.8',
27 silly addNameRange     '2.0.0',
27 silly addNameRange     '2.1.0',
27 silly addNameRange     '2.1.1',
27 silly addNameRange     '2.2.0',
27 silly addNameRange     '2.2.1',
27 silly addNameRange     '2.2.2',
27 silly addNameRange     '2.3.0',
27 silly addNameRange     '2.3.1',
27 silly addNameRange     '2.3.2',
27 silly addNameRange     '2.3.3',
27 silly addNameRange     '2.3.4',
27 silly addNameRange     '2.3.5',
27 silly addNameRange     '2.3.6',
27 silly addNameRange     '2.3.7',
27 silly addNameRange     '2.3.8',
27 silly addNameRange     '2.3.9',
27 silly addNameRange     '2.3.10',
27 silly addNameRange     '2.3.11',
27 silly addNameRange     '2.3.12',
27 silly addNameRange     '2.4.0',
27 silly addNameRange     '2.4.1',
27 silly addNameRange     '2.4.2',
27 silly addNameRange     '2.4.3',
27 silly addNameRange     '2.4.4',
27 silly addNameRange     '2.4.5',
27 silly addNameRange     '2.4.6',
27 silly addNameRange     '2.4.7',
27 silly addNameRange     '2.5.0',
27 silly addNameRange     '2.5.1',
27 silly addNameRange     '2.5.2',
27 silly addNameRange     '2.5.3',
27 silly addNameRange     '2.5.4',
27 silly addNameRange     '2.5.5',
27 silly addNameRange     '2.5.6',
27 silly addNameRange     '2.5.7',
27 silly addNameRange     '2.5.8',
27 silly addNameRange     '2.5.9',
27 silly addNameRange     '2.5.10',
27 silly addNameRange     '2.5.11',
27 silly addNameRange     '3.0.0',
27 silly addNameRange     '3.0.1',
27 silly addNameRange     '3.0.2',
27 silly addNameRange     '3.0.3',
27 silly addNameRange     '3.0.4',
27 silly addNameRange     '3.0.5',
27 silly addNameRange     '3.0.6',
27 silly addNameRange     '3.1.0',
27 silly addNameRange     '3.1.1',
27 silly addNameRange     '3.1.2',
27 silly addNameRange     '3.2.0',
27 silly addNameRange     '3.2.1',
27 silly addNameRange     '3.2.2',
27 silly addNameRange     '3.2.3',
27 silly addNameRange     '3.2.4',
27 silly addNameRange     '3.2.5',
27 silly addNameRange     '3.2.6',
27 silly addNameRange     '3.3.0',
27 silly addNameRange     '3.3.1',
27 silly addNameRange     '3.3.2',
27 silly addNameRange     '3.3.3',
27 silly addNameRange     '3.3.4',
27 silly addNameRange     '3.3.5',
27 silly addNameRange     '3.3.6',
27 silly addNameRange     '1.0.0-beta',
27 silly addNameRange     '1.0.0-beta2',
27 silly addNameRange     '1.0.0-rc',
27 silly addNameRange     '1.0.0-rc2',
27 silly addNameRange     '1.0.0-rc3',
27 silly addNameRange     '1.0.0-rc4',
27 silly addNameRange     '2.0.0-beta',
27 silly addNameRange     '2.0.0-beta2',
27 silly addNameRange     '2.0.0-beta3',
27 silly addNameRange     '2.0.0-rc',
27 silly addNameRange     '2.0.0-rc2',
27 silly addNameRange     '2.0.0-rc3',
27 silly addNameRange     '3.0.0-alpha1',
27 silly addNameRange     '3.0.0-alpha2',
27 silly addNameRange     '3.0.0-alpha3',
27 silly addNameRange     '3.0.0-alpha4',
27 silly addNameRange     '3.0.0-alpha5',
27 silly addNameRange     '3.0.0-beta1',
27 silly addNameRange     '3.0.0-beta2',
27 silly addNameRange     '3.0.0-beta3',
27 silly addNameRange     '3.0.0-beta4',
27 silly addNameRange     '3.0.0-beta6',
27 silly addNameRange     '3.0.0-beta7',
27 silly addNameRange     '3.0.0-rc1',
27 silly addNameRange     '3.0.0-rc2',
27 silly addNameRange     '3.0.0-rc3',
27 silly addNameRange     '3.0.0-rc4',
27 silly addNameRange     '3.0.0-rc5',
27 silly addNameRange     '3.3.7',
27 silly addNameRange     '3.3.8',
27 silly addNameRange     '3.4.0',
27 silly addNameRange     '3.4.1',
27 silly addNameRange     '3.4.2',
27 silly addNameRange     '3.4.3',
27 silly addNameRange     '3.4.4',
27 silly addNameRange     '3.4.5',
27 silly addNameRange     '3.4.6',
27 silly addNameRange     '3.4.7',
27 silly addNameRange     '3.4.8',
27 silly addNameRange     '4.0.0-rc1',
27 silly addNameRange     '4.0.0-rc2',
27 silly addNameRange     '3.5.0',
27 silly addNameRange     '4.0.0-rc3',
27 silly addNameRange     '4.0.0-rc4',
27 silly addNameRange     '3.5.1',
27 silly addNameRange     '4.0.0',
27 silly addNameRange     '3.5.2',
27 silly addNameRange     '4.1.0',
27 silly addNameRange     '4.1.1',
27 silly addNameRange     '3.5.3',
27 silly addNameRange     '4.1.2',
27 silly addNameRange     '3.6.0',
27 silly addNameRange     '4.2.0',
27 silly addNameRange     '3.7.0',
27 silly addNameRange     '3.8.0',
27 silly addNameRange     '4.3.0',
27 silly addNameRange     '4.3.1',
27 silly addNameRange     '3.8.1',
27 silly addNameRange     '4.3.2',
27 silly addNameRange     '3.9.0',
27 silly addNameRange     '4.4.0',
27 silly addNameRange     '4.4.1',
27 silly addNameRange     '3.10.0',
27 silly addNameRange     '3.10.1',
27 silly addNameRange     '3.10.2',
27 silly addNameRange     '3.10.3',
27 silly addNameRange     '3.10.4',
27 silly addNameRange     '4.4.2',
27 silly addNameRange     '3.10.5',
27 silly addNameRange     '4.4.3',
27 silly addNameRange     '3.11.0',
27 silly addNameRange     '4.4.4',
27 silly addNameRange     '3.12.0',
27 silly addNameRange     '3.12.1',
27 silly addNameRange     '4.4.5',
27 silly addNameRange     '3.13.0',
27 silly addNameRange     '4.5.0',
27 silly addNameRange     '4.5.1',
27 silly addNameRange     '3.14.0',
27 silly addNameRange     '4.6.0',
27 silly addNameRange     '4.6.1',
27 silly addNameRange     '3.15.0',
27 silly addNameRange     '4.7.0',
27 silly addNameRange     '3.15.1',
27 silly addNameRange     '4.7.1',
27 silly addNameRange     '3.15.2',
27 silly addNameRange     '4.7.2',
27 silly addNameRange     '4.7.3',
27 silly addNameRange     '3.15.3',
27 silly addNameRange     '4.7.4',
27 silly addNameRange     '3.16.0',
27 silly addNameRange     '4.8.0',
27 silly addNameRange     '3.16.1',
27 silly addNameRange     '4.8.1',
27 silly addNameRange     '3.16.2',
27 silly addNameRange     '4.8.2',
27 silly addNameRange     '3.16.3',
27 silly addNameRange     '3.16.4',
27 silly addNameRange     '4.8.3',
27 silly addNameRange     '3.16.5',
27 silly addNameRange     '3.16.6',
27 silly addNameRange     '4.8.4',
27 silly addNameRange     '3.16.7',
27 silly addNameRange     '4.8.5',
27 silly addNameRange     '3.16.8',
27 silly addNameRange     '4.8.6',
27 silly addNameRange     '3.16.9',
27 silly addNameRange     '4.8.7',
27 silly addNameRange     '3.16.10',
27 silly addNameRange     '4.8.8',
27 silly addNameRange     '3.17.0',
27 silly addNameRange     '3.17.1',
27 silly addNameRange     '4.9.0',
27 silly addNameRange     '3.17.2',
27 silly addNameRange     '4.9.1',
27 silly addNameRange     '4.9.2',
27 silly addNameRange     '3.17.3',
27 silly addNameRange     '4.9.3',
27 silly addNameRange     '3.17.4',
27 silly addNameRange     '4.9.4',
27 silly addNameRange     '3.17.5',
27 silly addNameRange     '4.9.5',
27 silly addNameRange     '3.17.6',
27 silly addNameRange     '3.17.7',
27 silly addNameRange     '4.9.6',
27 silly addNameRange     '4.9.7',
27 silly addNameRange     '3.17.8',
27 silly addNameRange     '4.9.8',
27 silly addNameRange     '3.18.0',
27 silly addNameRange     '3.18.1',
27 silly addNameRange     '4.10.0',
27 silly addNameRange     '3.18.2',
27 silly addNameRange     '4.10.1',
27 silly addNameRange     '5.0.0-alpha.1',
27 silly addNameRange     '3.18.3',
27 silly addNameRange     '4.10.2',
27 silly addNameRange     '3.18.4',
27 silly addNameRange     '4.10.3',
27 silly addNameRange     '4.10.4',
27 silly addNameRange     '4.10.5',
27 silly addNameRange     '3.18.5',
27 silly addNameRange     '3.18.6',
27 silly addNameRange     '4.10.6',
27 silly addNameRange     '4.10.7',
27 silly addNameRange     '3.19.0',
27 silly addNameRange     '4.10.8',
27 silly addNameRange     '4.11.0',
27 silly addNameRange     '3.19.1',
27 silly addNameRange     '4.11.1',
27 silly addNameRange     '3.19.2',
27 silly addNameRange     '4.11.2',
27 silly addNameRange     '3.20.0',
27 silly addNameRange     '4.12.0',
27 silly addNameRange     '3.20.1',
27 silly addNameRange     '4.12.1',
27 silly addNameRange     '4.12.2',
27 silly addNameRange     '3.20.2',
27 silly addNameRange     '4.12.3' ] ]
28 verbose addNamed express@4.12.3
29 silly addNamed semver.valid 4.12.3
30 silly addNamed semver.validRange 4.12.3
31 silly cache afterAdd express@4.12.3
32 verbose afterAdd /Users/henrygoddard/.npm/express/4.12.3/package/package.json not in flight; writing
33 verbose afterAdd /Users/henrygoddard/.npm/express/4.12.3/package/package.json written
34 silly install resolved [ { name: 'express',
34 silly install resolved     description: 'Fast, unopinionated, minimalist web framework',
34 silly install resolved     version: '4.12.3',
34 silly install resolved     author: { name: 'TJ Holowaychuk', email: 'tj@vision-media.ca' },
34 silly install resolved     contributors:
34 silly install resolved      [ [Object],
34 silly install resolved        [Object],
34 silly install resolved        [Object],
34 silly install resolved        [Object],
34 silly install resolved        [Object],
34 silly install resolved        [Object],
34 silly install resolved        [Object] ],
34 silly install resolved     license: 'MIT',
34 silly install resolved     repository: { type: 'git', url: 'https://github.com/strongloop/express' },
34 silly install resolved     homepage: 'http://expressjs.com/',
34 silly install resolved     keywords:
34 silly install resolved      [ 'express',
34 silly install resolved        'framework',
34 silly install resolved        'sinatra',
34 silly install resolved        'web',
34 silly install resolved        'rest',
34 silly install resolved        'restful',
34 silly install resolved        'router',
34 silly install resolved        'app',
34 silly install resolved        'api' ],
34 silly install resolved     dependencies:
34 silly install resolved      { accepts: '~1.2.5',
34 silly install resolved        'content-disposition': '0.5.0',
34 silly install resolved        'content-type': '~1.0.1',
34 silly install resolved        cookie: '0.1.2',
34 silly install resolved        'cookie-signature': '1.0.6',
34 silly install resolved        debug: '~2.1.3',
34 silly install resolved        depd: '~1.0.0',
34 silly install resolved        'escape-html': '1.0.1',
34 silly install resolved        etag: '~1.5.1',
34 silly install resolved        finalhandler: '0.3.4',
34 silly install resolved        fresh: '0.2.4',
34 silly install resolved        'merge-descriptors': '1.0.0',
34 silly install resolved        methods: '~1.1.1',
34 silly install resolved        'on-finished': '~2.2.0',
34 silly install resolved        parseurl: '~1.3.0',
34 silly install resolved        'path-to-regexp': '0.1.3',
34 silly install resolved        'proxy-addr': '~1.0.7',
34 silly install resolved        qs: '2.4.1',
34 silly install resolved        'range-parser': '~1.0.2',
34 silly install resolved        send: '0.12.2',
34 silly install resolved        'serve-static': '~1.9.2',
34 silly install resolved        'type-is': '~1.6.1',
34 silly install resolved        vary: '~1.0.0',
34 silly install resolved        'utils-merge': '1.0.0' },
34 silly install resolved     devDependencies:
34 silly install resolved      { after: '0.8.1',
34 silly install resolved        ejs: '2.3.1',
34 silly install resolved        istanbul: '0.3.8',
34 silly install resolved        marked: '0.3.3',
34 silly install resolved        mocha: '~2.2.1',
34 silly install resolved        should: '~5.2.0',
34 silly install resolved        supertest: '~0.15.0',
34 silly install resolved        'body-parser': '~1.12.2',
34 silly install resolved        'connect-redis': '~2.2.0',
34 silly install resolved        'cookie-parser': '~1.3.4',
34 silly install resolved        'cookie-session': '~1.1.0',
34 silly install resolved        'express-session': '~1.10.4',
34 silly install resolved        jade: '~1.9.2',
34 silly install resolved        'method-override': '~2.3.2',
34 silly install resolved        morgan: '~1.5.2',
34 silly install resolved        multiparty: '~4.1.1',
34 silly install resolved        vhost: '~3.0.0' },
34 silly install resolved     engines: { node: '>= 0.10.0' },
34 silly install resolved     files: [ 'LICENSE', 'History.md', 'Readme.md', 'index.js', 'lib/' ],
34 silly install resolved     scripts:
34 silly install resolved      { test: 'mocha --require test/support/env --reporter spec --bail --check-leaks test/ test/acceptance/',
34 silly install resolved        'test-ci': 'istanbul cover node_modules/mocha/bin/_mocha --report lcovonly -- --require test/support/env --reporter spec --check-leaks test/ test/acceptance/',
34 silly install resolved        'test-cov': 'istanbul cover node_modules/mocha/bin/_mocha -- --require test/support/env --reporter dot --check-leaks test/ test/acceptance/',
34 silly install resolved        'test-tap': 'mocha --require test/support/env --reporter tap --check-leaks test/ test/acceptance/' },
34 silly install resolved     gitHead: 'f56463f8bf24015736978d0dc4d398fa22a9d758',
34 silly install resolved     bugs: { url: 'https://github.com/strongloop/express/issues' },
34 silly install resolved     _id: 'express@4.12.3',
34 silly install resolved     _shasum: '6b9d94aec5ae03270d86d390c277a8c5a5ad0ee2',
34 silly install resolved     _from: 'express@*',
34 silly install resolved     _npmVersion: '1.4.28',
34 silly install resolved     _npmUser: { name: 'dougwilson', email: 'doug@somethingdoug.com' },
34 silly install resolved     maintainers:
34 silly install resolved      [ [Object],
34 silly install resolved        [Object],
34 silly install resolved        [Object],
34 silly install resolved        [Object],
34 silly install resolved        [Object],
34 silly install resolved        [Object],
34 silly install resolved        [Object] ],
34 silly install resolved     dist:
34 silly install resolved      { shasum: '6b9d94aec5ae03270d86d390c277a8c5a5ad0ee2',
34 silly install resolved        tarball: 'http://registry.npmjs.org/express/-/express-4.12.3.tgz' },
34 silly install resolved     directories: {},
34 silly install resolved     _resolved: 'https://registry.npmjs.org/express/-/express-4.12.3.tgz',
34 silly install resolved     readme: 'ERROR: No README data found!' } ]
35 info install express@4.12.3 into /usr/local/lib
36 info installOne express@4.12.3
37 verbose installOne of express to /usr/local/lib not in flight; installing
38 verbose lock using /Users/henrygoddard/.npm/_locks/express-59b5b7164c5e2658.lock for /usr/local/lib/node_modules/express
39 silly install write writing express 4.12.3 to /usr/local/lib/node_modules/express
40 silly cache addNamed cb express@4.12.3
41 verbose unbuild lib/node_modules/express
42 silly gentlyRm /usr/local/lib/node_modules/express is being purged from base /usr/local
43 verbose gentlyRm don't care about contents; nuking /usr/local/lib/node_modules/express
44 verbose tar unpack /Users/henrygoddard/.npm/express/4.12.3/package.tgz
45 verbose tar unpacking to /usr/local/lib/node_modules/express
46 silly gentlyRm /usr/local/lib/node_modules/express is being purged
47 verbose gentlyRm don't care about contents; nuking /usr/local/lib/node_modules/express
48 silly gunzTarPerm modes [ '755', '644' ]
49 error tar.unpack untar error /Users/henrygoddard/.npm/express/4.12.3/package.tgz
50 verbose unlock done using /Users/henrygoddard/.npm/_locks/express-59b5b7164c5e2658.lock for /usr/local/lib/node_modules/express
51 verbose fstream_path /usr/local/lib/node_modules/express
52 verbose fstream_type Directory
53 verbose fstream_class DirWriter
54 verbose stack Error: EACCES, mkdir '/usr/local/lib/node_modules/express'
54 verbose stack     at Error (native)
55 verbose fstream_stack /usr/local/lib/node_modules/npm/node_modules/fstream/lib/dir-writer.js:36:23
55 verbose fstream_stack /usr/local/lib/node_modules/npm/node_modules/mkdirp/index.js:46:53
55 verbose fstream_stack FSReqWrap.oncomplete (fs.js:95:15)
56 verbose cwd /Users/henrygoddard/blog
57 error Darwin 14.1.1
58 error argv "node" "/usr/local/bin/npm" "install" "-g" "express" "--save"
59 error node v0.12.2
60 error npm  v2.7.4
61 error path /usr/local/lib/node_modules/express
62 error code EACCES
63 error errno -13
64 error Error: EACCES, mkdir '/usr/local/lib/node_modules/express'
64 error     at Error (native)
64 error  { [Error: EACCES, mkdir '/usr/local/lib/node_modules/express']
64 error   errno: -13,
64 error   code: 'EACCES',
64 error   path: '/usr/local/lib/node_modules/express',
64 error   fstream_type: 'Directory',
64 error   fstream_path: '/usr/local/lib/node_modules/express',
64 error   fstream_class: 'DirWriter',
64 error   fstream_stack:
64 error    [ '/usr/local/lib/node_modules/npm/node_modules/fstream/lib/dir-writer.js:36:23',
64 error      '/usr/local/lib/node_modules/npm/node_modules/mkdirp/index.js:46:53',
64 error      'FSReqWrap.oncomplete (fs.js:95:15)' ] }
65 error Please try running this command again as root/Administrator.
66 verbose exit [ -13, true ]
67 verbose unbuild lib/node_modules/express
68 silly gentlyRm /usr/local/lib/node_modules/express is being purged from base /usr/local
69 verbose gentlyRm don't care about contents; nuking /usr/local/lib/node_modules/express
